CRITICAL - 2023-02-01 02:17:53 --> Invalid file: "usuarios.index"
in SYSTEMPATH\Exceptions\FrameworkException.php on line 33.
 1 SYSTEMPATH\View\View.php(201): CodeIgniter\Exceptions\FrameworkException::forInvalidFile('usuarios.index')
 2 SYSTEMPATH\Common.php(1177): CodeIgniter\View\View->render('usuarios.index', [], true)
 3 APPPATH\Controllers\Home.php(5): view('usuarios.index')
 4 SYSTEMPATH\CodeIgniter.php(934): App\Controllers\Home->index()
 5 SYSTEMPATH\CodeIgniter.php(499): CodeIgniter\CodeIgniter->runController(Object(App\Controllers\Home))
 6 SYSTEMPATH\CodeIgniter.php(368): CodeIgniter\CodeIgniter->handleRequest(null, Object(Config\Cache), false)
 7 FCPATH\index.php(67): CodeIgniter\CodeIgniter->run()
CRITICAL - 2023-02-01 04:33:37 --> Undefined array key "usuario"
in APPPATH\Views\usuarios\index.php on line 2.
 1 APPPATH\Views\usuarios\index.php(2): CodeIgniter\Debug\Exceptions->errorHandler(2, 'Undefined array key "usuario"', 'APPPATH\\Views\\usuarios\\index.php', 2)
 2 SYSTEMPATH\View\View.php(213): include('APPPATH\\Views\\usuarios\\index.php')
 3 SYSTEMPATH\View\View.php(216): CodeIgniter\View\View->CodeIgniter\View\{closure}()
 4 SYSTEMPATH\Common.php(1177): CodeIgniter\View\View->render('usuarios/index', [], true)
 5 APPPATH\Controllers\Usuarios.php(10): view('usuarios/index', [...])
 6 SYSTEMPATH\CodeIgniter.php(934): App\Controllers\Usuarios->listarUsuarios()
 7 SYSTEMPATH\CodeIgniter.php(499): CodeIgniter\CodeIgniter->runController(Object(App\Controllers\Usuarios))
 8 SYSTEMPATH\CodeIgniter.php(368): CodeIgniter\CodeIgniter->handleRequest(null, Object(Config\Cache), false)
 9 FCPATH\index.php(67): CodeIgniter\CodeIgniter->run()
CRITICAL - 2023-02-01 04:37:22 --> Undefined array key "usuario"
in APPPATH\Views\usuarios\index.php on line 3.
 1 APPPATH\Views\usuarios\index.php(3): CodeIgniter\Debug\Exceptions->errorHandler(2, 'Undefined array key "usuario"', 'APPPATH\\Views\\usuarios\\index.php', 3)
 2 SYSTEMPATH\View\View.php(213): include('APPPATH\\Views\\usuarios\\index.php')
 3 SYSTEMPATH\View\View.php(216): CodeIgniter\View\View->CodeIgniter\View\{closure}()
 4 SYSTEMPATH\Common.php(1177): CodeIgniter\View\View->render('usuarios/index', [], true)
 5 APPPATH\Controllers\Usuarios.php(10): view('usuarios/index', [...])
 6 SYSTEMPATH\CodeIgniter.php(934): App\Controllers\Usuarios->listarUsuarios()
 7 SYSTEMPATH\CodeIgniter.php(499): CodeIgniter\CodeIgniter->runController(Object(App\Controllers\Usuarios))
 8 SYSTEMPATH\CodeIgniter.php(368): CodeIgniter\CodeIgniter->handleRequest(null, Object(Config\Cache), false)
 9 FCPATH\index.php(67): CodeIgniter\CodeIgniter->run()
CRITICAL - 2023-02-01 13:47:15 --> Cannot redeclare App\Controllers\Usuarios::listar()
in APPPATH\Controllers\Usuarios.php on line 15.
 1 [internal function]: CodeIgniter\Debug\Exceptions->shutdownHandler()
CRITICAL - 2023-02-01 15:41:29 --> Undefined variable $datos
in APPPATH\Controllers\Usuarios.php on line 21.
 1 APPPATH\Controllers\Usuarios.php(21): CodeIgniter\Debug\Exceptions->errorHandler(2, 'Undefined variable $datos', 'APPPATH\\Controllers\\Usuarios.php', 21)
 2 SYSTEMPATH\CodeIgniter.php(934): App\Controllers\Usuarios->guardar()
 3 SYSTEMPATH\CodeIgniter.php(499): CodeIgniter\CodeIgniter->runController(Object(App\Controllers\Usuarios))
 4 SYSTEMPATH\CodeIgniter.php(368): CodeIgniter\CodeIgniter->handleRequest(null, Object(Config\Cache), false)
 5 FCPATH\index.php(67): CodeIgniter\CodeIgniter->run()
CRITICAL - 2023-02-01 16:34:45 --> Undefined variable $id
in APPPATH\Controllers\Usuarios.php on line 24.
 1 APPPATH\Controllers\Usuarios.php(24): CodeIgniter\Debug\Exceptions->errorHandler(2, 'Undefined variable $id', 'APPPATH\\Controllers\\Usuarios.php', 24)
 2 SYSTEMPATH\CodeIgniter.php(934): App\Controllers\Usuarios->eliminar('3')
 3 SYSTEMPATH\CodeIgniter.php(499): CodeIgniter\CodeIgniter->runController(Object(App\Controllers\Usuarios))
 4 SYSTEMPATH\CodeIgniter.php(368): CodeIgniter\CodeIgniter->handleRequest(null, Object(Config\Cache), false)
 5 FCPATH\index.php(67): CodeIgniter\CodeIgniter->run()
CRITICAL - 2023-02-01 18:19:20 --> syntax error, unexpected token "->", expecting "," or ";"
in APPPATH\Controllers\Usuarios.php on line 5.
 1 SYSTEMPATH\Autoloader\Autoloader.php(289): CodeIgniter\Autoloader\Autoloader->includeFile('APPPATH\\Controllers\\Usuarios.php')
 2 SYSTEMPATH\Autoloader\Autoloader.php(267): CodeIgniter\Autoloader\Autoloader->loadInNamespace('App\\Controllers\\Usuarios')
 3 [internal function]: CodeIgniter\Autoloader\Autoloader->loadClass('App\\Controllers\\Usuarios')
 4 SYSTEMPATH\CodeIgniter.php(892): class_exists('\\App\\Controllers\\Usuarios', true)
 5 SYSTEMPATH\CodeIgniter.php(486): CodeIgniter\CodeIgniter->startController()
 6 SYSTEMPATH\CodeIgniter.php(368): CodeIgniter\CodeIgniter->handleRequest(null, Object(Config\Cache), false)
 7 FCPATH\index.php(67): CodeIgniter\CodeIgniter->run()
